<?xml version="1.0" encoding="UTF-8"?>
<!-- Generated by org.testng.reporters.JUnitXMLReporter -->
<testsuite ignored="0" hostname="DESKTOP-BQVK5ID" failures="0" tests="2" name="groupingTest" time="13.575" errors="0" timestamp="2024-09-25T11:02:20 IST">
  <testcase classname="testcases.Tc001_verify_Account_Registration" name="verify_Account_Registration" time="8.321"/>
  <testcase classname="testcases.Tc002_Verify_Account_Login" name="Verify_Login" time="1.176"/>
</testsuite> <!-- groupingTest -->
